0 info it worked if it ends with ok
1 verbose cli [ '/Users/wilsonqin/.nvm/v0.10.0/bin/node',
1 verbose cli   '/Users/wilsonqin/.nvm/v0.10.0/bin/npm',
1 verbose cli   'test' ]
2 info using npm@1.2.14
3 info using node@v0.10.0
4 verbose read json /Users/wilsonqin/repo/project-euler/javascript/package.json
5 error Error: ENOENT, open '/Users/wilsonqin/repo/project-euler/javascript/package.json'
6 error If you need help, you may report this log at:
6 error     <http://github.com/isaacs/npm/issues>
6 error or email it to:
6 error     <npm-@googlegroups.com>
7 error System Darwin 11.4.2
8 error command "/Users/wilsonqin/.nvm/v0.10.0/bin/node" "/Users/wilsonqin/.nvm/v0.10.0/bin/npm" "test"
9 error cwd /Users/wilsonqin/repo/project-euler/javascript
10 error node -v v0.10.0
11 error npm -v 1.2.14
12 error path /Users/wilsonqin/repo/project-euler/javascript/package.json
13 error code ENOENT
14 error errno 34
15 verbose exit [ 34, true ]
